<?xml version='1.0' encoding='UTF-8'?>
<hotspot_log version='160 1' process='827' time_ms='1370997274425'>
<vm_version>
<name>
OpenJDK 64-Bit Server VM
</name>
<release>
25.0-b30-fastdebug
</release>
<info>
OpenJDK 64-Bit Server VM (25.0-b30-fastdebug) for bsd-amd64 JRE (1.8.0-internal-mhoe_2013_05_02_18_34-b00), built on May  2 2013 18:40:36 by &quot;mhowe&quot; with gcc 4.2.1 (Based on Apple Inc. build 5658) (LLVM build 2336.11.00)
</info>
</vm_version>
<vm_arguments>
<launcher>
SUN_STANDARD
</launcher>
<properties>
java.vm.specification.name=Java Virtual Machine Specification
java.vm.version=25.0-b30-fastdebug
java.vm.name=OpenJDK 64-Bit Server VM
java.vm.info=mixed mode, sharing
java.ext.dirs=/Users/mhowe/Library/Java/Extensions:/Users/mhowe/dev/jdk8/build/macosx-x86_64-normal-server-fastdebug/images/j2sdk-image/jre/lib/ext:/Library/Java/Extensions:/Network/Library/Java/Extensions:/System/Library/Java/Extensions:/usr/lib/java
java.endorsed.dirs=/Users/mhowe/dev/jdk8/build/macosx-x86_64-normal-server-fastdebug/images/j2sdk-image/jre/lib/endorsed
sun.boot.library.path=/Users/mhowe/dev/jdk8/build/macosx-x86_64-normal-server-fastdebug/images/j2sdk-image/jre/lib
java.library.path=/Users/mhowe/Library/Java/Extensions:/Library/Java/Extensions:/Network/Library/Java/Extensions:/System/Library/Java/Extensions:/usr/lib/java:.
java.home=/Users/mhowe/dev/jdk8/build/macosx-x86_64-normal-server-fastdebug/images/j2sdk-image/jre
java.class.path=.
sun.boot.class.path=/Users/mhowe/dev/jdk8/build/macosx-x86_64-normal-server-fastdebug/images/j2sdk-image/jre/lib/resources.jar:/Users/mhowe/dev/jdk8/build/macosx-x86_64-normal-server-fastdebug/images/j2sdk-image/jre/lib/rt.jar:/Users/mhowe/dev/jdk8/build/macosx-x86_64-normal-server-fastdebug/images/j2sdk-image/jre/lib/sunrsasign.jar:/Users/mhowe/dev/jdk8/build/macosx-x86_64-normal-server-fastdebug/images/j2sdk-image/jre/lib/jsse.jar:/Users/mhowe/dev/jdk8/build/macosx-x86_64-normal-server-fastdebug/images/j2sdk-image/jre/lib/jce.jar:/Users/mhowe/dev/jdk8/build/macosx-x86_64-normal-server-fastdebug/images/j2sdk-image/jre/lib/charsets.jar:/Users/mhowe/dev/jdk8/build/macosx-x86_64-normal-server-fastdebug/images/j2sdk-image/jre/lib/jfr.jar:/Users/mhowe/dev/jdk8/build/macosx-x86_64-normal-server-fastdebug/images/j2sdk-image/jre/lib/JObjC.jar:/Users/mhowe/dev/jdk8/build/macosx-x86_64-normal-server-fastdebug/images/j2sdk-image/jre/classes
java.vm.specification.vendor=Oracle Corporation
java.vm.specification.version=1.8
java.vm.vendor=Oracle Corporation
sun.java.launcher=SUN_STANDARD
</properties>
</vm_arguments>
<tty>
<writer thread='5891'/>
C1 Runtime statistics:
 _resolve_invoke_virtual_cnt:     0
 _resolve_invoke_opt_virtual_cnt: 0
 _resolve_invoke_static_cnt:      0
 _handle_wrong_method_cnt:        0
 _ic_miss_cnt:                    0
 _generic_arraycopy_cnt:          0
 _generic_arraycopystub_cnt:      0
 _byte_arraycopy_cnt:             0
 _short_arraycopy_cnt:            0
 _int_arraycopy_cnt:              0
 _long_arraycopy_cnt:             0
 _primitive_arraycopy_cnt:        0
 _oop_arraycopy_cnt (C):          0
 _oop_arraycopy_cnt (stub):       0
 _arraycopy_slowcase_cnt:         0
 _arraycopy_checkcast_cnt:        0
 _arraycopy_checkcast_attempt_cnt:0
 _new_type_array_slowcase_cnt:    0
 _new_object_array_slowcase_cnt:  0
 _new_instance_slowcase_cnt:      0
 _new_multi_array_slowcase_cnt:   0
 _monitorenter_slowcase_cnt:      0
 _monitorexit_slowcase_cnt:       0
 _patch_code_slowcase_cnt:        0
 _throw_range_check_exception_count:            0:
 _throw_index_exception_count:                  0:
 _throw_div0_exception_count:                   0:
 _throw_null_pointer_exception_count:           0:
 _throw_class_cast_exception_count:             0:
 _throw_incompatible_class_change_error_count:  0:
 _throw_array_store_exception_count:            0:
 _throw_count:                                  0:

<statistics type='SharedRuntime'>
    0 inline cache miss in compiled
    0 wrong method
    0 unresolved static call site
    0 unresolved virtual call site
    0 unresolved opt virtual call site
    4 slow partial subtype
   12 byte array copies
   12 short array copies
   12 int array copies
   12 long array copies
AdapterHandlerTable: empty 196 longest 3 total 122 average 1.257732
AdapterHandlerTable: lookups 4358 buckets 4745 equals 4236 hits 4236 compact 4236
</statistics>
<statistics type='nmethod'>
Debug Data Chunks: 0, shared 0+0, non-SP&apos;s elided 0
PcDesc Statistics:  0 queries, nan comparisons per query
  caches=0 queries=0/0, hits=0+0, tests=0+0, adds=0
</statistics>
<statistics type='opto'>
--- Compiler Statistics ---
Methods seen: 0  Methods parsed: 0  Nodes created: 0
Blocks parsed: 0  Blocks seen: 0
CCP: 0  constants found: 0
Total frameslots = 0, Max frameslots = 0
Nops added 0 bytes to total of 0 bytes
Peephole: peephole rules applied: 0
PhaseIdealLoop=0, sum _unique=0
</statistics>
<writer thread='17667'/>
<destroy_vm stamp='0.210'/>
<tty_done stamp='0.212'/>
</tty>
<hotspot_log_done stamp='0.212'/>
</hotspot_log>
